<?xml version="1.0" encoding="UTF-8"?>
<!-- Generated by org.testng.reporters.JUnitReportReporter -->
<testsuite hostname="DESKTOP-RRVA329" failures="0" tests="1" name="practice.API.requests.test" time="2.640" errors="0" timestamp="2024-07-03T15:04:49 EDT" skipped="0">
  <testcase classname="practice.API.requests.test" name="getmethod" time="2.640"/>
  <system-out/>
</testsuite> <!-- practice.API.requests.test -->
