<?xml version="1.0" encoding="UTF-8"?>
<!-- Generated by org.testng.reporters.JUnitReportReporter -->
<testsuite hostname="DESKTOP-RRVA329" failures="0" tests="3" name="practice.API.requests.TestGetMethod" time="3.226" errors="0" timestamp="2024-07-19T14:08:09 EDT" skipped="0">
  <testcase classname="practice.API.requests.TestGetMethod" name="test01" time="2.757"/>
  <system-out/>
  <testcase classname="practice.API.requests.TestGetMethod" name="test02" time="0.271"/>
  <system-out/>
  <testcase classname="practice.API.requests.TestGetMethod" name="test03" time="0.198"/>
  <system-out/>
</testsuite> <!-- practice.API.requests.TestGetMethod -->
