<?xml version="1.0" encoding="UTF-8"?>
<!-- Generated by org.testng.reporters.JUnitReportReporter -->
<testsuite hostname="DESKTOP-RRVA329" failures="0" tests="2" name="practice.API.requests.ValidateResponse" time="4.107" errors="0" timestamp="2024-07-08T13:14:54 EDT" skipped="0">
  <testcase classname="practice.API.requests.ValidateResponse" name="ValidateResponseStatus_BDD" time="0.232"/>
  <system-out/>
  <testcase classname="practice.API.requests.ValidateResponse" name="ValidateResponseStatus01" time="3.875"/>
  <system-out/>
</testsuite> <!-- practice.API.requests.ValidateResponse -->
