<?xml version="1.0" encoding="UTF-8"?>
<!-- Generated by org.testng.reporters.JUnitReportReporter -->
<testsuite hostname="DESKTOP-RRVA329" failures="0" tests="1" name="practice.API.requests.TestPatchMethod" time="3.163" errors="0" timestamp="2024-07-01T16:30:27 EDT" skipped="0">
  <testcase classname="practice.API.requests.TestPatchMethod" name="testPatch01" time="3.163"/>
  <system-out/>
</testsuite> <!-- practice.API.requests.TestPatchMethod -->
