<?xml version="1.0" encoding="UTF-8"?>
<!-- Generated by org.testng.reporters.JUnitReportReporter -->
<testsuite hostname="DESKTOP-RRVA329" failures="0" tests="1" name="practice.API.requests.TestPutMethod" time="4.061" errors="0" timestamp="2024-07-19T14:11:11 EDT" skipped="0">
  <testcase classname="practice.API.requests.TestPutMethod" name="testPut01" time="4.061"/>
  <system-out/>
</testsuite> <!-- practice.API.requests.TestPutMethod -->
