<?xml version="1.0" encoding="UTF-8"?>
<!-- Generated by org.testng.reporters.JUnitReportReporter -->
<testsuite hostname="DESKTOP-RRVA329" failures="0" tests="1" name="practice.API.requests.QueryParameters" time="3.360" errors="0" timestamp="2024-07-29T06:06:25 EDT" skipped="0">
  <testcase classname="practice.API.requests.QueryParameters" name="queryParameters" time="3.360"/>
  <system-out/>
</testsuite> <!-- practice.API.requests.QueryParameters -->
