<?xml version="1.0" encoding="UTF-8"?>
<!-- Generated by org.testng.reporters.JUnitReportReporter -->
<testsuite hostname="DESKTOP-RRVA329" failures="0" tests="1" name="deserialization.JSONdeserialization" time="3.447" errors="0" timestamp="2024-08-08T22:13:49 EDT" skipped="0">
  <testcase classname="deserialization.JSONdeserialization" name="createUser" time="3.447"/>
  <system-out/>
</testsuite> <!-- deserialization.JSONdeserialization -->
