<?xml version="1.0" encoding="UTF-8"?>
<!-- Generated by org.testng.reporters.JUnitReportReporter -->
<testsuite hostname="DESKTOP-RRVA329" failures="0" tests="1" name="practice.API.requests.PostResponseBodyValidation" time="3.781" errors="0" timestamp="2024-08-08T22:12:31 EDT" skipped="0">
  <testcase classname="practice.API.requests.PostResponseBodyValidation" name="createUser" time="3.781"/>
  <system-out/>
</testsuite> <!-- practice.API.requests.PostResponseBodyValidation -->
