<?xml version="1.0" encoding="UTF-8"?>
<!-- Generated by org.testng.reporters.JUnitReportReporter -->
<testsuite hostname="DESKTOP-RRVA329" failures="0" tests="2" name="practice.API.requests.TestPostMethod" time="2.893" errors="0" timestamp="2024-07-02T13:09:47 EDT" skipped="1">
  <testcase classname="practice.API.requests.TestPostMethod" name="testGetAfterPost01" time="2.893"/>
  <system-out/>
  <testcase classname="practice.API.requests.TestPostMethod" name="testPost01">
    <skipped/>
  </testcase> <!-- testPost01 -->
  <system-out/>
</testsuite> <!-- practice.API.requests.TestPostMethod -->
