<?xml version="1.0" encoding="UTF-8"?>
<!-- Generated by org.testng.reporters.JUnitReportReporter -->
<testsuite hostname="DESKTOP-RRVA329" failures="0" tests="1" name="practice.API.requests.TestDeleteMethod" time="3.461" errors="0" timestamp="2024-07-01T16:38:02 EDT" skipped="0">
  <testcase classname="practice.API.requests.TestDeleteMethod" name="testDelete01" time="3.461"/>
  <system-out/>
</testsuite> <!-- practice.API.requests.TestDeleteMethod -->
