<?xml version="1.0" encoding="UTF-8"?>
<!-- Generated by org.testng.reporters.JUnitReportReporter -->
<testsuite hostname="DESKTOP-RRVA329" failures="0" tests="1" name="practice.API.requests.ValidateHeaders" time="4.570" errors="0" timestamp="2024-07-08T14:37:56 EDT" skipped="0">
  <testcase classname="practice.API.requests.ValidateHeaders" name="validateHeader01" time="4.570"/>
  <system-out/>
</testsuite> <!-- practice.API.requests.ValidateHeaders -->
