<?xml version="1.0" encoding="UTF-8"?>
<!-- Generated by org.testng.reporters.JUnitReportReporter -->
<testsuite hostname="DESKTOP-RRVA329" failures="0" tests="3" name="practice.API.requests.TestGetMethod" time="3.133" errors="0" timestamp="2024-07-02T13:16:08 EDT" skipped="0">
  <testcase classname="practice.API.requests.TestGetMethod" name="test03" time="0.286"/>
  <system-out/>
  <testcase classname="practice.API.requests.TestGetMethod" name="test01" time="2.518"/>
  <system-out/>
  <testcase classname="practice.API.requests.TestGetMethod" name="test02" time="0.329"/>
  <system-out/>
</testsuite> <!-- practice.API.requests.TestGetMethod -->
