<?xml version="1.0" encoding="UTF-8"?>
<!-- Generated by org.testng.reporters.JUnitReportReporter -->
<testsuite hostname="DESKTOP-RRVA329" failures="0" tests="1" name="FirstGetRequest" time="4.624" errors="0" timestamp="2024-06-20T15:47:19 EDT" skipped="0">
  <testcase classname="FirstGetRequest" name="testcase01" time="4.624"/>
  <system-out/>
</testsuite> <!-- FirstGetRequest -->
