<?xml version="1.0" encoding="UTF-8"?>
<!-- Generated by org.testng.reporters.JUnitReportReporter -->
<testsuite hostname="DESKTOP-RRVA329" failures="0" tests="4" name="practice.API.requests.AuthorizationToken_BasicDigest" time="12.315" errors="0" timestamp="2024-07-30T10:20:48 EDT" skipped="0">
  <testcase classname="practice.API.requests.AuthorizationToken_BasicDigest" name="BasicAuthorization_preemptive" time="0.546"/>
  <system-out/>
  <testcase classname="practice.API.requests.AuthorizationToken_BasicDigest" name="DigestAuthorization" time="0.329"/>
  <system-out/>
  <testcase classname="practice.API.requests.AuthorizationToken_BasicDigest" name="BasicAuthorization" time="6.058"/>
  <system-out/>
  <testcase classname="practice.API.requests.AuthorizationToken_BasicDigest" name="DigestAuthorizationUsingOwnURL" time="5.382"/>
  <system-out/>
</testsuite> <!-- practice.API.requests.AuthorizationToken_BasicDigest -->
