<?xml version="1.0" encoding="UTF-8"?>
<!-- Generated by org.testng.reporters.JUnitReportReporter -->
<testsuite hostname="DESKTOP-RRVA329" failures="0" tests="1" name="practice.API.requests.ValidateResponseBody_JSON" time="4.178" errors="0" timestamp="2024-08-08T22:05:58 EDT" skipped="0">
  <testcase classname="practice.API.requests.ValidateResponseBody_JSON" name="validateJSONResponseBody" time="4.178"/>
  <system-out/>
</testsuite> <!-- practice.API.requests.ValidateResponseBody_JSON -->
